# JRE version: Java(TM) SE Runtime Environment (8.0_281-b09) (build 1.8.0_281-b09)
# Java VM: Java HotSpot(TM) 64-Bit Server VM (25.281-b09 mixed mode windows-amd64 compressed oops)
Heap:
 PSYoungGen      total 47616K, used 9885K [0x000000078af80000, 0x000000078e480000, 0x00000007c0000000)
  eden space 40960K, 7% used [0x000000078af80000,0x000000078b2ae8d0,0x000000078d780000)
  from space 6656K, 99% used [0x000000078d780000,0x000000078ddf8e48,0x000000078de00000)
  to   space 6656K, 0% used [0x000000078de00000,0x000000078de00000,0x000000078e480000)
 ParOldGen       total 109568K, used 2330K [0x0000000720e00000, 0x0000000727900000, 0x000000078af80000)
  object space 109568K, 2% used [0x0000000720e00000,0x0000000721046b88,0x0000000727900000)
 Metaspace       used 16112K, capacity 16416K, committed 16768K, reserved 1067008K
  class space    used 1928K, capacity 2052K, committed 2176K, reserved 1048576K
GC Heap History (4 events):
Event: 0.879 GC heap before
{Heap before GC invocations=1 (full 0):
 PSYoungGen      total 47616K, used 40960K [0x000000078af80000, 0x000000078e480000, 0x00000007c0000000)
  eden space 40960K, 100% used [0x000000078af80000,0x000000078d780000,0x000000078d780000)
  from space 6656K, 0% used [0x000000078de00000,0x000000078de00000,0x000000078e480000)
  to   space 6656K, 0% used [0x000000078d780000,0x000000078d780000,0x000000078de00000)
 ParOldGen       total 109568K, used 0K [0x0000000720e00000, 0x0000000727900000, 0x000000078af80000)
  object space 109568K, 0% used [0x0000000720e00000,0x0000000720e00000,0x0000000727900000)
 Metaspace       used 8732K, capacity 8828K, committed 9088K, reserved 1056768K
  class space    used 1061K, capacity 1114K, committed 1152K, reserved 1048576K
Event: 0.886 GC heap after
Heap after GC invocations=1 (full 0):
 PSYoungGen      total 47616K, used 6322K [0x000000078af80000, 0x000000078e480000, 0x00000007c0000000)
  eden space 40960K, 0% used [0x000000078af80000,0x000000078af80000,0x000000078d780000)
  from space 6656K, 94% used [0x000000078d780000,0x000000078ddacb00,0x000000078de00000)
  to   space 6656K, 0% used [0x000000078de00000,0x000000078de00000,0x000000078e480000)
 ParOldGen       total 109568K, used 16K [0x0000000720e00000, 0x0000000727900000, 0x000000078af80000)
  object space 109568K, 0% used [0x0000000720e00000,0x0000000720e04000,0x0000000727900000)
 Metaspace       used 8732K, capacity 8828K, committed 9088K, reserved 1056768K
  class space    used 1061K, capacity 1114K, committed 1152K, reserved 1048576K
}
Event: 1.907 GC heap before
{Heap before GC invocations=2 (full 0):
 PSYoungGen      total 47616K, used 47282K [0x000000078af80000, 0x000000078e480000, 0x00000007c0000000)
  eden space 40960K, 100% used [0x000000078af80000,0x000000078d780000,0x000000078d780000)
  from space 6656K, 94% used [0x000000078d780000,0x000000078ddacb00,0x000000078de00000)
  to   space 6656K, 0% used [0x000000078de00000,0x000000078de00000,0x000000078e480000)
 ParOldGen       total 109568K, used 16K [0x0000000720e00000, 0x0000000727900000, 0x000000078af80000)
  object space 109568K, 0% used [0x0000000720e00000,0x0000000720e04000,0x0000000727900000)
 Metaspace       used 13575K, capacity 13846K, committed 14208K, reserved 1060864K
  class space    used 1691K, capacity 1810K, committed 1920K, reserved 1048576K
Event: 1.919 GC heap after
Heap after GC invocations=2 (full 0):
 PSYoungGen      total 47616K, used 6654K [0x000000078af80000, 0x000000078e480000, 0x00000007c0000000)
  eden space 40960K, 0% used [0x000000078af80000,0x000000078af80000,0x000000078d780000)
  from space 6656K, 99% used [0x000000078de00000,0x000000078e47fad0,0x000000078e480000)
  to   space 6656K, 0% used [0x000000078d780000,0x000000078d780000,0x000000078de00000)
 ParOldGen       total 109568K, used 1171K [0x0000000720e00000, 0x0000000727900000, 0x000000078af80000)
  object space 109568K, 1% used [0x0000000720e00000,0x0000000720f24eb0,0x0000000727900000)
 Metaspace       used 13575K, capacity 13846K, committed 14208K, reserved 1060864K
  class space    used 1691K, capacity 1810K, committed 1920K, reserved 1048576K
}

